<?xml version="1.0" encoding="UTF-8"?>
<!-- Generated by org.testng.reporters.JUnitReportReporter -->
<testsuite hostname="Julia-PC" name="com.lss.test.interfaceTest.TestOne" tests="1" failures="0" timestamp="3 Nov 2017 08:44:18 GMT" time="1.204" errors="0">
  <testcase name="loginDemo" time="1.204" classname="com.lss.test.interfaceTest.TestOne"/>
</testsuite> <!-- com.lss.test.interfaceTest.TestOne -->
