<?xml version="1.0" encoding="UTF-8"?>
<!-- Generated by org.testng.reporters.JUnitReportReporter -->
<testsuite hostname="Julia-PC" name="com.lss.test.interfaceTest.RegisterTest" tests="1" failures="0" timestamp="3 Nov 2017 08:44:18 GMT" time="100.020" errors="0">
  <testcase name="register" time="100.020" classname="com.lss.test.interfaceTest.RegisterTest"/>
</testsuite> <!-- com.lss.test.interfaceTest.RegisterTest -->
