<?xml version="1.0" encoding="UTF-8"?>
<!-- Generated by org.testng.reporters.JUnitReportReporter -->
<testsuite hostname="Julia-PC" name="com.lss.test.interfaceTest.AppUserLogin" tests="1" failures="0" timestamp="3 Nov 2017 08:44:18 GMT" time="0.337" errors="0">
  <testcase name="login" time="0.337" classname="com.lss.test.interfaceTest.AppUserLogin"/>
</testsuite> <!-- com.lss.test.interfaceTest.AppUserLogin -->
