<?xml version="1.0" encoding="UTF-8"?>
<!-- Generated by org.testng.reporters.JUnitReportReporter -->
<testsuite hostname="Julia-PC" name="com.lss.test.interfaceTest.FetchUserPositionListTest" tests="1" failures="1" timestamp="31 Oct 2017 08:31:40 GMT" time="0.475" errors="0">
  <testcase name="fetchUserPositionList" time="0.475" classname="com.lss.test.interfaceTest.FetchUserPositionListTest">
    <failure type="com.fasterxml.jackson.databind.JsonMappingException" message="No suitable constructor found for type [simple type, class com.lss.test.interfaceTest.FetchUserPositionListResponParam$PositionList]: can not instantiate from JSON object (missing default constructor or creator, or perhaps need to add/enable type information?)
 at [Source: {&quot;body&quot;:{&quot;positionList&quot;:[{&quot;accumulateProfit&quot;:0.00,&quot;availableUnits&quot;:&quot;&quot;,&quot;balanceId&quot;:18,&quot;costAmount&quot;:50000.00,&quot;currency&quot;:&quot;USD&quot;,&quot;divAmount&quot;:0.00,&quot;frozenUnits&quot;:&quot;&quot;,&quot;fundChShortName&quot;:&quot;美元高收益&quot;,&quot;fundId&quot;:3,&quot;holdUnits&quot;:49950.04,&quot;lastedProfit&quot;:&quot;&quot;,&quot;lastedProfitDate&quot;:null,&quot;mktVal&quot;:49999.99,&quot;navDate&quot;:null,&quot;sellAmount&quot;:0.00,&quot;unconfirmedAmount&quot;:0.00,&quot;unitNav&quot;:1.0010},{&quot;accumulateProfit&quot;:0.00,&quot;availableUnits&quot;:&quot;&quot;,&quot;balanceId&quot;:19,&quot;costAmount&quot;:6600.00,&quot;currency&quot;:&quot;USD&quot;,&quot;divAmount&quot;:0.00,&quot;frozenUnits&quot;:&quot;&quot;,&quot;fundChShortName&quot;:&quot;美元高收益&quot;,&quot;fundId&quot;:3,&quot;holdUnits&quot;:6593.40,&quot;lastedProfit&quot;:&quot;&quot;,&quot;lastedProfitDate&quot;:null,&quot;mktVal&quot;:6599.99,&quot;navDate&quot;:null,&quot;sellAmount&quot;:0.00,&quot;unconfirmedAmount&quot;:0.00,&quot;unitNav&quot;:1.0010},{&quot;accumulateProfit&quot;:0.00,&quot;availableUnits&quot;:&quot;&quot;,&quot;balanceId&quot;:20,&quot;costAmount&quot;:50000.00,&quot;currency&quot;:&quot;USD&quot;,&quot;divAmount&quot;:0.00,&quot;frozenUnits&quot;:&quot;&quot;,&quot;fundChShortName&quot;:&quot;美元高收益&quot;,&quot;fundId&quot;:3,&quot;holdUnits&quot;:49950.04,&quot;lastedProfit&quot;:&quot;&quot;,&quot;lastedProfitDate&quot;:null,&quot;mktVal&quot;:49999.99,&quot;navDate&quot;:null,&quot;sellAmount&quot;:0.00,&quot;unconfirmedAmount&quot;:0.00,&quot;unitNav&quot;:1.0010},{&quot;accumulateProfit&quot;:504.52,&quot;availableUnits&quot;:&quot;&quot;,&quot;balanceId&quot;:15,&quot;costAmount&quot;:50000.00,&quot;currency&quot;:&quot;USD&quot;,&quot;divAmount&quot;:0.00,&quot;frozenUnits&quot;:&quot;&quot;,&quot;fundChShortName&quot;:&quot;美元高收益&quot;,&quot;fundId&quot;:3,&quot;holdUnits&quot;:6566.08,&quot;lastedProfit&quot;:504.54,&quot;lastedProfitDate&quot;:&quot;11-27&quot;,&quot;mktVal&quot;:6572.64,&quot;navDate&quot;:null,&quot;sellAmount&quot;:43931.88,&quot;unconfirmedAmount&quot;:0.00,&quot;unitNav&quot;:1.0010},{&quot;accumulateProfit&quot;:857.71,&quot;availableUnits&quot;:&quot;&quot;,&quot;balanceId&quot;:16,&quot;costAmount&quot;:85000.00,&quot;currency&quot;:&quot;USD&quot;,&quot;divAmount&quot;:0.00,&quot;frozenUnits&quot;:&quot;&quot;,&quot;fundChShortName&quot;:&quot;美元高收益&quot;,&quot;fundId&quot;:3,&quot;holdUnits&quot;:85771.94,&quot;lastedProfit&quot;:857.71,&quot;lastedProfitDate&quot;:&quot;11-27&quot;,&quot;mktVal&quot;:85857.71,&quot;navDate&quot;:null,&quot;sellAmount&quot;:0.00,&quot;unconfirmedAmount&quot;:0.00,&quot;unitNav&quot;:1.0010},{&quot;accumulateProfit&quot;:11.08,&quot;availableUnits&quot;:&quot;&quot;,&quot;balanceId&quot;:12,&quot;costAmount&quot;:1100.00,&quot;currency&quot;:&quot;USD&quot;,&quot;divAmount&quot;:0.00,&quot;frozenUnits&quot;:&quot;&quot;,&quot;fundChShortName&quot;:&quot;美元高收益&quot;,&quot;fundId&quot;:3,&quot;holdUnits&quot;:1109.98,&quot;lastedProfit&quot;:11.09,&quot;lastedProfitDate&quot;:&quot;11-27&quot;,&quot;mktVal&quot;:1111.08,&quot;navDate&quot;:null,&quot;sellAmount&quot;:0.00,&quot;unconfirmedAmount&quot;:0.00,&quot;unitNav&quot;:1.0010},{&quot;accumulateProfit&quot;:10.08,&quot;availableUnits&quot;:&quot;&quot;,&quot;balanceId&quot;:13,&quot;costAmount&quot;:1000.00,&quot;currency&quot;:&quot;USD&quot;,&quot;divAmount&quot;:0.00,&quot;frozenUnits&quot;:&quot;&quot;,&quot;fundChShortName&quot;:&quot;美元高收益&quot;,&quot;fundId&quot;:3,&quot;holdUnits&quot;:209.08,&quot;lastedProfit&quot;:10.09,&quot;lastedProfitDate&quot;:&quot;11-27&quot;,&quot;mktVal&quot;:209.28,&quot;navDate&quot;:null,&quot;sellAmount&quot;:800.80,&quot;unconfirmedAmount&quot;:0.00,&quot;unitNav&quot;:1.0010},{&quot;accumulateProfit&quot;:12.10,&quot;availableUnits&quot;:&quot;&quot;,&quot;balanceId&quot;:14,&quot;costAmount&quot;:1200.00,&quot;currency&quot;:&quot;USD&quot;,&quot;divAmount&quot;:0.00,&quot;frozenUnits&quot;:&quot;&quot;,&quot;fundChShortName&quot;:&quot;美元高收益&quot;,&quot;fundId&quot;:3,&quot;holdUnits&quot;:1210.89,&quot;lastedProfit&quot;:12.10,&quot;lastedProfitDate&quot;:&quot;11-27&quot;,&quot;mktVal&quot;:1212.10,&quot;navDate&quot;:null,&quot;sellAmount&quot;:0.00,&quot;unconfirmedAmount&quot;:0.00,&quot;unitNav&quot;:1.0010}]},&quot;errno&quot;:0,&quot;message&quot;:&quot;请求成功&quot;}; line: 1, column: 27] (through reference chain: com.lss.test.interfaceTest.FetchUserPositionListResponParam[&quot;body&quot;]-&gt;com.lss.test.interfaceTest.Body[&quot;positionList&quot;]-&gt;java.util.ArrayList[0])">
      <![CDATA[com.fasterxml.jackson.databind.JsonMappingException: No suitable constructor found for type [simple type, class com.lss.test.interfaceTest.FetchUserPositionListResponParam$PositionList]: can not instantiate from JSON object (missing default constructor or creator, or perhaps need to add/enable type information?)
 at [Source: {"body":{"positionList":[{"accumulateProfit":0.00,"availableUnits":"","balanceId":18,"costAmount":50000.00,"currency":"USD","divAmount":0.00,"frozenUnits":"","fundChShortName":"美元高收益","fundId":3,"holdUnits":49950.04,"lastedProfit":"","lastedProfitDate":null,"mktVal":49999.99,"navDate":null,"sellAmount":0.00,"unconfirmedAmount":0.00,"unitNav":1.0010},{"accumulateProfit":0.00,"availableUnits":"","balanceId":19,"costAmount":6600.00,"currency":"USD","divAmount":0.00,"frozenUnits":"","fundChShortName":"美元高收益","fundId":3,"holdUnits":6593.40,"lastedProfit":"","lastedProfitDate":null,"mktVal":6599.99,"navDate":null,"sellAmount":0.00,"unconfirmedAmount":0.00,"unitNav":1.0010},{"accumulateProfit":0.00,"availableUnits":"","balanceId":20,"costAmount":50000.00,"currency":"USD","divAmount":0.00,"frozenUnits":"","fundChShortName":"美元高收益","fundId":3,"holdUnits":49950.04,"lastedProfit":"","lastedProfitDate":null,"mktVal":49999.99,"navDate":null,"sellAmount":0.00,"unconfirmedAmount":0.00,"unitNav":1.0010},{"accumulateProfit":504.52,"availableUnits":"","balanceId":15,"costAmount":50000.00,"currency":"USD","divAmount":0.00,"frozenUnits":"","fundChShortName":"美元高收益","fundId":3,"holdUnits":6566.08,"lastedProfit":504.54,"lastedProfitDate":"11-27","mktVal":6572.64,"navDate":null,"sellAmount":43931.88,"unconfirmedAmount":0.00,"unitNav":1.0010},{"accumulateProfit":857.71,"availableUnits":"","balanceId":16,"costAmount":85000.00,"currency":"USD","divAmount":0.00,"frozenUnits":"","fundChShortName":"美元高收益","fundId":3,"holdUnits":85771.94,"lastedProfit":857.71,"lastedProfitDate":"11-27","mktVal":85857.71,"navDate":null,"sellAmount":0.00,"unconfirmedAmount":0.00,"unitNav":1.0010},{"accumulateProfit":11.08,"availableUnits":"","balanceId":12,"costAmount":1100.00,"currency":"USD","divAmount":0.00,"frozenUnits":"","fundChShortName":"美元高收益","fundId":3,"holdUnits":1109.98,"lastedProfit":11.09,"lastedProfitDate":"11-27","mktVal":1111.08,"navDate":null,"sellAmount":0.00,"unconfirmedAmount":0.00,"unitNav":1.0010},{"accumulateProfit":10.08,"availableUnits":"","balanceId":13,"costAmount":1000.00,"currency":"USD","divAmount":0.00,"frozenUnits":"","fundChShortName":"美元高收益","fundId":3,"holdUnits":209.08,"lastedProfit":10.09,"lastedProfitDate":"11-27","mktVal":209.28,"navDate":null,"sellAmount":800.80,"unconfirmedAmount":0.00,"unitNav":1.0010},{"accumulateProfit":12.10,"availableUnits":"","balanceId":14,"costAmount":1200.00,"currency":"USD","divAmount":0.00,"frozenUnits":"","fundChShortName":"美元高收益","fundId":3,"holdUnits":1210.89,"lastedProfit":12.10,"lastedProfitDate":"11-27","mktVal":1212.10,"navDate":null,"sellAmount":0.00,"unconfirmedAmount":0.00,"unitNav":1.0010}]},"errno":0,"message":"请求成功"}; line: 1, column: 27] (through reference chain: com.lss.test.interfaceTest.FetchUserPositionListResponParam["body"]->com.lss.test.interfaceTest.Body["positionList"]->java.util.ArrayList[0])
	at com.fasterxml.jackson.databind.JsonMappingException.from(JsonMappingException.java:148)
	at com.fasterxml.jackson.databind.deser.BeanDeserializerBase.deserializeFromObjectUsingNonDefault(BeanDeserializerBase.java:1080)
	at com.fasterxml.jackson.databind.deser.BeanDeserializer.deserializeFromObject(BeanDeserializer.java:295)
	at com.fasterxml.jackson.databind.deser.BeanDeserializer.deserialize(BeanDeserializer.java:142)
	at com.fasterxml.jackson.databind.deser.std.CollectionDeserializer.deserialize(CollectionDeserializer.java:240)
	at com.fasterxml.jackson.databind.deser.std.CollectionDeserializer.deserialize(CollectionDeserializer.java:212)
	at com.fasterxml.jackson.databind.deser.std.CollectionDeserializer.deserialize(CollectionDeserializer.java:25)
	at com.fasterxml.jackson.databind.deser.SettableBeanProperty.deserialize(SettableBeanProperty.java:523)
	at com.fasterxml.jackson.databind.deser.impl.FieldProperty.deserializeAndSet(FieldProperty.java:101)
	at com.fasterxml.jackson.databind.deser.impl.BeanPropertyMap.findDeserializeAndSet(BeanPropertyMap.java:285)
	at com.fasterxml.jackson.databind.deser.BeanDeserializer.deserialize(BeanDeserializer.java:220)
	at com.fasterxml.jackson.databind.deser.impl.InnerClassProperty.deserializeAndSet(InnerClassProperty.java:119)
	at com.fasterxml.jackson.databind.deser.impl.BeanPropertyMap.findDeserializeAndSet(BeanPropertyMap.java:285)
	at com.fasterxml.jackson.databind.deser.BeanDeserializer.vanillaDeserialize(BeanDeserializer.java:248)
	at com.fasterxml.jackson.databind.deser.BeanDeserializer.deserialize(BeanDeserializer.java:136)
	at com.fasterxml.jackson.databind.ObjectMapper._readMapAndClose(ObjectMapper.java:3562)
	at com.fasterxml.jackson.databind.ObjectMapper.readValue(ObjectMapper.java:2616)
	at com.fasterxml.jackson.databind.ObjectMapper$readValue$0.call(Unknown Source)
	at org.codehaus.groovy.runtime.callsite.CallSiteArray.defaultCall(CallSiteArray.java:48)
	at org.codehaus.groovy.runtime.callsite.AbstractCallSite.call(AbstractCallSite.java:113)
	at org.codehaus.groovy.runtime.callsite.AbstractCallSite.call(AbstractCallSite.java:133)
	at io.restassured.internal.path.json.mapping.JsonPathJackson2ObjectDeserializer.deserialize(JsonPathJackson2ObjectDeserializer.groovy:45)
	at io.restassured.path.json.mapping.JsonPathObjectDeserializer$deserialize.call(Unknown Source)
	at org.codehaus.groovy.runtime.callsite.CallSiteArray.defaultCall(CallSiteArray.java:48)
	at org.codehaus.groovy.runtime.callsite.AbstractCallSite.call(AbstractCallSite.java:113)
	at org.codehaus.groovy.runtime.callsite.AbstractCallSite.call(AbstractCallSite.java:125)
	at io.restassured.internal.mapping.Jackson2Mapper.deserialize(Jackson2Mapper.groovy:58)
	at io.restassured.mapper.ObjectMapper$deserialize.call(Unknown Source)
	at org.codehaus.groovy.runtime.callsite.CallSiteArray.defaultCall(CallSiteArray.java:48)
	at org.codehaus.groovy.runtime.callsite.AbstractCallSite.call(AbstractCallSite.java:113)
	at org.codehaus.groovy.runtime.callsite.AbstractCallSite.call(AbstractCallSite.java:125)
	at io.restassured.internal.mapping.ObjectMapping.parseWithJackson2(ObjectMapping.groovy:202)
	at io.restassured.internal.mapping.ObjectMapping$parseWithJackson2$0.callStatic(Unknown Source)
	at org.codehaus.groovy.runtime.callsite.CallSiteArray.defaultCallStatic(CallSiteArray.java:56)
	at org.codehaus.groovy.runtime.callsite.AbstractCallSite.callStatic(AbstractCallSite.java:194)
	at org.codehaus.groovy.runtime.callsite.AbstractCallSite.callStatic(AbstractCallSite.java:214)
	at io.restassured.internal.mapping.ObjectMapping.deserialize(ObjectMapping.groovy:55)
	at io.restassured.internal.mapping.ObjectMapping$deserialize.call(Unknown Source)
	at org.codehaus.groovy.runtime.callsite.CallSiteArray.defaultCall(CallSiteArray.java:48)
	at org.codehaus.groovy.runtime.callsite.AbstractCallSite.call(AbstractCallSite.java:113)
	at io.restassured.internal.RestAssuredResponseOptionsGroovyImpl.as(RestAssuredResponseOptionsGroovyImpl.groovy:222)
	at io.restassured.internal.RestAssuredResponseOptionsImpl.as(RestAssuredResponseOptionsImpl.java:164)
	at com.lss.test.interfaceTest.FetchUserPositionListTest.fetchUserPositionList(FetchUserPositionListTest.java:30)
	at sun.reflect.NativeMethodAccessorImpl.invoke0(Native Method)
	at sun.reflect.NativeMethodAccessorImpl.invoke(Unknown Source)
	at sun.reflect.DelegatingMethodAccessorImpl.invoke(Unknown Source)
	at java.lang.reflect.Method.invoke(Unknown Source)
	at org.testng.internal.MethodInvocationHelper.invokeMethod(MethodInvocationHelper.java:80)
	at org.testng.internal.Invoker.invokeMethod(Invoker.java:714)
	at org.testng.internal.Invoker.invokeTestMethod(Invoker.java:901)
	at org.testng.internal.Invoker.invokeTestMethods(Invoker.java:1231)
	at org.testng.internal.TestMethodWorker.invokeTestMethods(TestMethodWorker.java:127)
	at org.testng.internal.TestMethodWorker.run(TestMethodWorker.java:111)
	at org.testng.TestRunner.privateRun(TestRunner.java:767)
	at org.testng.TestRunner.run(TestRunner.java:617)
	at org.testng.SuiteRunner.runTest(SuiteRunner.java:334)
	at org.testng.SuiteRunner.runSequentially(SuiteRunner.java:329)
	at org.testng.SuiteRunner.privateRun(SuiteRunner.java:291)
	at org.testng.SuiteRunner.run(SuiteRunner.java:240)
	at org.testng.SuiteRunnerWorker.runSuite(SuiteRunnerWorker.java:52)
	at org.testng.SuiteRunnerWorker.run(SuiteRunnerWorker.java:86)
	at org.testng.TestNG.runSuitesSequentially(TestNG.java:1198)
	at org.testng.TestNG.runSuitesLocally(TestNG.java:1123)
	at org.testng.TestNG.run(TestNG.java:1031)
	at org.testng.remote.AbstractRemoteTestNG.run(AbstractRemoteTestNG.java:114)
	at org.testng.remote.RemoteTestNG.initAndRun(RemoteTestNG.java:251)
	at org.testng.remote.RemoteTestNG.main(RemoteTestNG.java:77)
]]>
    </failure>
  </testcase> <!-- fetchUserPositionList -->
</testsuite> <!-- com.lss.test.interfaceTest.FetchUserPositionListTest -->
