<?xml version="1.0" encoding="UTF-8"?>
<!-- Generated by org.testng.reporters.JUnitReportReporter -->
<testsuite hostname="Julia-PC" name="com.lss.test.interfaceTest.FetchHomePageInfoTest" tests="1" failures="0" timestamp="18 Oct 2017 09:53:02 GMT" time="0.860" errors="0">
  <testcase name="fetchHomePageInfo" time="0.860" classname="com.lss.test.interfaceTest.FetchHomePageInfoTest"/>
</testsuite> <!-- com.lss.test.interfaceTest.FetchHomePageInfoTest -->
