<?xml version="1.0" encoding="UTF-8"?>
<!-- Generated by org.testng.reporters.JUnitReportReporter -->
<testsuite hostname="Julia-PC" name="com.lss.test.interfaceTest.FetchRecommendListTest" tests="1" failures="0" timestamp="3 Nov 2017 08:44:18 GMT" time="0.281" errors="0">
  <testcase name="fetchRecommendList" time="0.281" classname="com.lss.test.interfaceTest.FetchRecommendListTest"/>
</testsuite> <!-- com.lss.test.interfaceTest.FetchRecommendListTest -->
