<?xml version="1.0" encoding="UTF-8"?>
<!-- Generated by org.testng.reporters.JUnitReportReporter -->
<testsuite hostname="Julia-PC" name="com.lss.test.interfaceTest.FetchUserPositionListTest" tests="1" failures="0" timestamp="31 Oct 2017 10:19:02 GMT" time="0.481" errors="0">
  <testcase name="fetchUserPositionList" time="0.481" classname="com.lss.test.interfaceTest.FetchUserPositionListTest"/>
</testsuite> <!-- com.lss.test.interfaceTest.FetchUserPositionListTest -->
